mode: atomic
github.com/yakkun/gsi-elevation-api/internal/handler/http.go:18.54,22.2 1 0
github.com/yakkun/gsi-elevation-api/internal/handler/http.go:24.54,28.2 3 0
github.com/yakkun/gsi-elevation-api/internal/handler/http.go:30.75,33.32 2 0
github.com/yakkun/gsi-elevation-api/internal/handler/http.go:33.32,36.3 2 0
github.com/yakkun/gsi-elevation-api/internal/handler/http.go:38.2,41.34 3 0
github.com/yakkun/gsi-elevation-api/internal/handler/http.go:41.34,44.3 2 0
github.com/yakkun/gsi-elevation-api/internal/handler/http.go:46.2,47.16 2 0
github.com/yakkun/gsi-elevation-api/internal/handler/http.go:47.16,50.3 2 0
github.com/yakkun/gsi-elevation-api/internal/handler/http.go:52.2,53.16 2 0
github.com/yakkun/gsi-elevation-api/internal/handler/http.go:53.16,56.3 2 0
github.com/yakkun/gsi-elevation-api/internal/handler/http.go:58.2,59.16 2 0
github.com/yakkun/gsi-elevation-api/internal/handler/http.go:59.16,62.3 2 0
github.com/yakkun/gsi-elevation-api/internal/handler/http.go:64.2,74.37 4 0
github.com/yakkun/gsi-elevation-api/internal/handler/http.go:77.80,80.33 2 0
github.com/yakkun/gsi-elevation-api/internal/handler/http.go:80.33,83.3 2 0
github.com/yakkun/gsi-elevation-api/internal/handler/http.go:85.2,89.65 2 0
github.com/yakkun/gsi-elevation-api/internal/handler/http.go:89.65,92.3 2 0
github.com/yakkun/gsi-elevation-api/internal/handler/http.go:94.2,94.30 1 0
github.com/yakkun/gsi-elevation-api/internal/handler/http.go:94.30,97.3 2 0
github.com/yakkun/gsi-elevation-api/internal/handler/http.go:99.2,99.32 1 0
github.com/yakkun/gsi-elevation-api/internal/handler/http.go:99.32,102.3 2 0
github.com/yakkun/gsi-elevation-api/internal/handler/http.go:104.2,105.16 2 0
github.com/yakkun/gsi-elevation-api/internal/handler/http.go:105.16,108.3 2 0
github.com/yakkun/gsi-elevation-api/internal/handler/http.go:110.2,120.42 4 0
github.com/yakkun/gsi-elevation-api/internal/handler/http.go:123.72,124.32 1 0
github.com/yakkun/gsi-elevation-api/internal/handler/http.go:124.32,127.3 2 0
github.com/yakkun/gsi-elevation-api/internal/handler/http.go:129.2,132.35 3 0
github.com/yakkun/gsi-elevation-api/cmd/server/main.go:37.47,49.43 10 0
github.com/yakkun/gsi-elevation-api/cmd/server/main.go:49.43,51.3 1 0
github.com/yakkun/gsi-elevation-api/cmd/server/main.go:53.2,53.16 1 0
github.com/yakkun/gsi-elevation-api/cmd/server/main.go:53.16,55.3 1 0
github.com/yakkun/gsi-elevation-api/cmd/server/main.go:57.2,58.16 2 0
github.com/yakkun/gsi-elevation-api/cmd/server/main.go:58.16,59.25 1 0
github.com/yakkun/gsi-elevation-api/cmd/server/main.go:59.25,61.4 1 0
github.com/yakkun/gsi-elevation-api/cmd/server/main.go:62.3,62.18 1 0
github.com/yakkun/gsi-elevation-api/cmd/server/main.go:64.2,67.47 3 0
github.com/yakkun/gsi-elevation-api/cmd/server/main.go:67.47,69.3 1 0
github.com/yakkun/gsi-elevation-api/cmd/server/main.go:71.2,71.43 1 0
github.com/yakkun/gsi-elevation-api/cmd/server/main.go:71.43,73.3 1 0
github.com/yakkun/gsi-elevation-api/cmd/server/main.go:75.2,75.20 1 0
github.com/yakkun/gsi-elevation-api/cmd/server/main.go:78.13,84.16 5 0
github.com/yakkun/gsi-elevation-api/cmd/server/main.go:84.16,86.3 1 0
github.com/yakkun/gsi-elevation-api/cmd/server/main.go:88.2,91.16 3 0
github.com/yakkun/gsi-elevation-api/cmd/server/main.go:91.16,93.3 1 0
github.com/yakkun/gsi-elevation-api/cmd/server/main.go:94.2,97.31 3 0
github.com/yakkun/gsi-elevation-api/cmd/server/main.go:97.31,99.3 1 0
github.com/yakkun/gsi-elevation-api/cmd/server/main.go:101.2,102.33 2 0
github.com/yakkun/gsi-elevation-api/cmd/server/main.go:102.33,104.3 1 0
github.com/yakkun/gsi-elevation-api/cmd/server/main.go:106.2,110.16 4 0
github.com/yakkun/gsi-elevation-api/cmd/server/main.go:110.16,112.3 1 0
github.com/yakkun/gsi-elevation-api/cmd/server/main.go:114.2,129.12 6 0
github.com/yakkun/gsi-elevation-api/cmd/server/main.go:129.12,133.22 3 0
github.com/yakkun/gsi-elevation-api/cmd/server/main.go:133.22,138.4 2 0
github.com/yakkun/gsi-elevation-api/cmd/server/main.go:141.2,145.12 4 0
github.com/yakkun/gsi-elevation-api/cmd/server/main.go:145.12,153.46 6 0
github.com/yakkun/gsi-elevation-api/cmd/server/main.go:153.46,155.4 1 0
github.com/yakkun/gsi-elevation-api/cmd/server/main.go:156.3,156.14 1 0
github.com/yakkun/gsi-elevation-api/cmd/server/main.go:159.2,162.79 3 0
github.com/yakkun/gsi-elevation-api/cmd/server/main.go:162.79,164.3 1 0
github.com/yakkun/gsi-elevation-api/cmd/server/main.go:166.2,167.31 2 0
github.com/yakkun/gsi-elevation-api/cmd/server/main.go:170.56,171.71 1 0
github.com/yakkun/gsi-elevation-api/cmd/server/main.go:171.71,182.3 5 0
github.com/yakkun/gsi-elevation-api/cmd/server/main.go:190.56,193.2 2 0
